2026-07-01 15:29:21,976 - __main__ - INFO - {'number': 'IPT0020053', 'sys_id': '05ddcce9531410100b39ddeeff7b122c', 'short_description': '', 'issue_type': '', 'description': ''}
2026-07-01 15:29:21,977 - __main__ - INFO - {'number': 'IPT0020085', 'sys_id': '16539421535410100b39ddeeff7b1291', 'short_description': '', 'issue_type': '', 'description': ''}
2026-07-01 15:29:21,977 - __main__ - INFO - {'number': 'IPT0020016', 'sys_id': '33c6bb5953d010100b39ddeeff7b1208', 'short_description': '', 'issue_type': '', 'description': ''}
2026-07-01 15:29:21,977 - __main__ - INFO - {'number': 'IPT0020057', 'sys_id': '35ee882d531410100b39ddeeff7b12cc', 'short_description': '', 'issue_type': '', 'description': ''}
2026-07-01 15:29:21,977 - __main__ - INFO - {'number': 'IPT0020013', 'sys_id': '3b56735953d010100b39ddeeff7b12f3', 'short_description': '', 'issue_type': '', 'description': ''}
2026-07-01 15:29:21,977 - __main__ - INFO - {'number': 'IPT0020088', 'sys_id': '4b631821535410100b39ddeeff7b120c', 'short_description': '', 'issue_type': '', 'description': ''}
2026-07-01 15:29:21,977 - __main__ - INFO - {'number': 'IPT0020042', 'sys_id': '5e4d8ca9531410100b39ddeeff7b1272', 'short_description': '', 'issue_type': '', 'description': ''}
2026-07-01 15:29:21,977 - __main__ - INFO - {'number': 'IPT0020015', 'sys_id': '5fb63b5953d010100b39ddeeff7b1299', 'short_description': '', 'issue_type': '', 'description': ''}
2026-07-01 15:29:21,977 - __main__ - INFO - {'number': 'IPT0020032', 'sys_id': '744afb1d53d010100b39ddeeff7b120d', 'short_description': '', 'issue_type': '', 'description': ''}
2026-07-01 15:29:21,977 - __main__ - INFO - {'number': 'IPT0020033', 'sys_id': '835a3f1d53d010100b39ddeeff7b12ad', 'short_description': '', 'issue_type': '', 'description': ''}
2026-07-01 15:29:21,977 - __main__ - INFO - {'number': 'IPT0020066', 'sys_id': '895f046d531410100b39ddeeff7b125e', 'short_description': '', 'issue_type': '', 'description': ''}
2026-07-01 15:29:21,977 - __main__ - INFO - {'number': 'IPT0020014', 'sys_id': '8b96b75953d010100b39ddeeff7b12d9', 'short_description': '', 'issue_type': '', 'description': ''}
2026-07-01 15:29:21,977 - __main__ - INFO - {'number': 'IPT0020072', 'sys_id': '93c15cad531410100b39ddeeff7b124f', 'short_description': '', 'issue_type': '', 'description': ''}
2026-07-01 15:29:21,977 - __main__ - INFO - {'number': 'IPT0020093', 'sys_id': '9da31061535410100b39ddeeff7b12a4', 'short_description': 'Issue for event Class action law suite on account\n\t\t\tof higher interest rate charged to customer because of race\n\t\t\tdiscrimination', 'issue_type': '', 'description': ''}
2026-07-01 15:29:21,978 - __main__ - INFO - {'number': 'IPT0020077', 'sys_id': 'a3f298ed531410100b39ddeeff7b1266', 'short_description': '', 'issue_type': '', 'description': ''}
2026-07-01 15:29:21,978 - __main__ - INFO - {'number': 'IPT0020030', 'sys_id': 'a61ab71d53d010100b39ddeeff7b1290', 'short_description': 'Issue for event Overdraft due to input error\n\t\t', 'issue_type': '', 'description': ''}
2026-07-01 15:29:21,978 - __main__ - INFO - {'number': 'IPT0020092', 'sys_id': 'ae935061535410100b39ddeeff7b129b', 'short_description': 'Issue for event Attack on customer personal\n\t\t\tinformation and loss of CC details\t\t', 'issue_type': '', 'description': ''}
2026-07-01 15:29:21,978 - __main__ - INFO - {'number': 'IPT0020035', 'sys_id': 'b36abf1d53d010100b39ddeeff7b1232', 'short_description': '', 'issue_type': '', 'description': ''}
2026-07-01 15:29:21,978 - __main__ - INFO - {'number': 'IPT0020047', 'sys_id': 'c09d44e9531410100b39ddeeff7b1254', 'short_description': 'Issue for event Inadequate or failed internal\n\t\t\tprocesses', 'issue_type': '', 'description': ''}
2026-07-01 15:29:21,978 - __main__ - INFO - {'number': 'IPT0020031', 'sys_id': 'de3a7b1d53d010100b39ddeeff7b127d', 'short_description': '', 'issue_type': '', 'description': ''}
2026-07-01 15:29:21,978 - __main__ - INFO - {'number': 'IPT0020012', 'sys_id': 'e336735953d010100b39ddeeff7b12ec', 'short_description': '', 'issue_type': '', 'description': ''}
2026-07-01 15:29:21,978 - __main__ - INFO - {'number': 'IPT0020034', 'sys_id': 'e46a7f1d53d010100b39ddeeff7b1291', 'short_description': '', 'issue_type': '', 'description': ''}
2026-07-01 15:29:21,978 - __main__ - INFO - {'number': 'IPT0020043', 'sys_id': 'f45d8ca9531410100b39ddeeff7b12cd', 'short_description': '', 'issue_type': '', 'description': ''}
2026-07-01 15:29:21,978 - __main__ - INFO - {'number': 'IPT0020048', 'sys_id': 'f59d84e9531410100b39ddeeff7b122b', 'short_description': 'Issue for event Hacking Damage', 'issue_type': '', 'description': ''}
2026-07-01 15:29:21,978 - __main__ - INFO - {'number': 'IPT0020075', 'sys_id': 'fde298ed531410100b39ddeeff7b1285', 'short_description': '', 'issue_type': '', 'description': ''}
2026-07-01 15:29:21,978 - __main__ - INFO - {'number': 'IPT0020061', 'sys_id': '012fcc2d531410100b39ddeeff7b1256', 'short_description': '', 'issue_type': '', 'description': ''}
2026-07-01 15:29:21,978 - __main__ - INFO - {'number': 'IPT0020036', 'sys_id': '042c3f5d53d010100b39ddeeff7b12d6', 'short_description': '', 'issue_type': '', 'description': ''}
2026-07-01 15:29:21,978 - __main__ - INFO - {'number': 'IPT0020018', 'sys_id': '04b83f9953d010100b39ddeeff7b12d4', 'short_description': '', 'issue_type': '', 'description': ''}
2026-07-01 15:29:21,978 - __main__ - INFO - {'number': 'IPT0020029', 'sys_id': '051a771d53d010100b39ddeeff7b1268', 'short_description': 'Issue for event Incentive Payments Loss\n\t\t', 'issue_type': '', 'description': ''}
2026-07-01 15:29:21,978 - __main__ - INFO - {'number': 'IPT0020089', 'sys_id': '0683d821535410100b39ddeeff7b120d', 'short_description': 'Issue for event Bank Executive embezzles money from\n\t\t\tcustomer deposit account\t\t', 'issue_type': '', 'description': ''}
2026-07-01 15:29:21,978 - __main__ - INFO - {'number': 'IPT0020083', 'sys_id': '0a33d021535410100b39ddeeff7b123e', 'short_description': '', 'issue_type': '', 'description': ''}
2026-07-01 15:29:21,978 - __main__ - INFO - {'number': 'IPT0020005', 'sys_id': '0d93da2207831010e72bb5100ad300f8', 'short_description': '', 'issue_type': '', 'description': 'Bribery in different levels.'}
2026-07-01 15:29:21,978 - __main__ - INFO - {'number': 'IPT0020080', 'sys_id': '0f131021535410100b39ddeeff7b12e4', 'short_description': '', 'issue_type': '', 'description': ''}
2026-07-01 15:29:21,979 - __main__ - INFO - {'number': 'IPT0020037', 'sys_id': '122c3f5d53d010100b39ddeeff7b1294', 'short_description': '', 'issue_type': '', 'description': ''}
2026-07-01 15:29:21,979 - __main__ - INFO - {'number': 'IPT0020008', 'sys_id': '1465f31953d010100b39ddeeff7b1211', 'short_description': '', 'issue_type': '', 'description': ''}
2026-07-01 15:29:21,979 - __main__ - INFO - {'number': 'IPT0020005', 'sys_id': '1635ffd553d010100b39ddeeff7b12c0', 'short_description': '', 'issue_type': '', 'description': ''}
2026-07-01 15:29:21,979 - __main__ - INFO - {'number': 'IPT0020098', 'sys_id': '18cee8e5539410100b39ddeeff7b12a0', 'short_description': 'Consumer Durable has an indicator failure\n\t\t', 'issue_type': '', 'description': 'Consumer Durable has an indicator failure on Include the\n\t\t\tprocess of using evidential matter to test in scope controls in the\n\t\t\ttest plan.'}
2026-07-01 15:29:21,979 - __main__ - INFO - {'number': 'IPT0020068', 'sys_id': '1da15c6d531410100b39ddeeff7b12c4', 'short_description': 'Issue for event Non-issuance of pre-maturity\n\t\t\tletters to customers', 'issue_type': '', 'description': ''}
2026-07-01 15:29:21,979 - __main__ - INFO - {'number': 'IPT0020028', 'sys_id': '1f0a371d53d010100b39ddeeff7b12c4', 'short_description': 'Issue for event Unauthorized marking down prices\n\t\t\twith a computerized inventory system', 'issue_type': '', 'description': ''}
2026-07-01 15:29:21,979 - __main__ - INFO - {'number': 'IPT0020059', 'sys_id': '1f0f4c2d531410100b39ddeeff7b1283', 'short_description': '', 'issue_type': '', 'description': ''}
2026-07-01 15:29:21,979 - __main__ - INFO - {'number': 'IPT0020056', 'sys_id': '20ee482d531410100b39ddeeff7b12b6', 'short_description': '', 'issue_type': '', 'description': ''}
2026-07-01 15:29:21,979 - __main__ - INFO - {'number': 'IPT0020097', 'sys_id': '229d2ca5539410100b39ddeeff7b12c4', 'short_description': 'ACME Consumer Durable(CD)ACME CD US has an\n\t\t\tindicator failure', 'issue_type': '', 'description': 'ACME Consumer Durable(CD)ACME CD US has an indicator\n\t\t\tfailure on Establish and maintain document handling procedures for\n\t\t\tpaper documents.'}
2026-07-01 15:29:21,979 - __main__ - INFO - {'number': 'IPT0020099', 'sys_id': '245fe029539410100b39ddeeff7b1249', 'short_description': 'Fashion has an indicator failure\n\t\t', 'issue_type': '', 'description': 'Fashion has an indicator failure on Establish and\n\t\t\tmaintain a fire prevention and fire suppression standard.\n\t\t'}
2026-07-01 15:29:21,979 - __main__ - INFO - {'number': 'IPT0020082', 'sys_id': '28339021535410100b39ddeeff7b126d', 'short_description': '', 'issue_type': '', 'description': ''}
2026-07-01 15:29:21,979 - __main__ - INFO - {'number': 'IPT0020076', 'sys_id': '2cf2d8ed531410100b39ddeeff7b1263', 'short_description': '', 'issue_type': '', 'description': ''}
2026-07-01 15:29:21,979 - __main__ - INFO - {'number': 'IPT0020006', 'sys_id': '3345731953d010100b39ddeeff7b12da', 'short_description': '', 'issue_type': '', 'description': ''}
2026-07-01 15:29:21,979 - __main__ - INFO - {'number': 'IPT0020026', 'sys_id': '33a9ffd953d010100b39ddeeff7b12e0', 'short_description': 'Issue for event Unintentional physical damage to\n\t\t\tequipment and facilities', 'issue_type': '', 'description': ''}
2026-07-01 15:29:21,979 - __main__ - INFO - {'number': 'IPT0020023', 'sys_id': '34f8b3d953d010100b39ddeeff7b129f', 'short_description': '', 'issue_type': '', 'description': ''}
2026-07-01 15:29:21,979 - __main__ - INFO - {'number': 'IPT0020103', 'sys_id': '3942f8a9539410100b39ddeeff7b125b', 'short_description': 'ACME Consumer Durable(CD)ACME CD US has an\n\t\t\tindicator failure', 'issue_type': '', 'description': 'ACME Consumer Durable(CD)ACME CD US has an indicator\n\t\t\tfailure on High setup and operational cost of business'}
2026-07-01 15:29:21,979 - __main__ - INFO - {'number': 'IPT0020007', 'sys_id': '3d55b31953d010100b39ddeeff7b128e', 'short_description': '', 'issue_type': '', 'description': ''}
2026-07-01 15:29:21,979 - __main__ - INFO - {'number': 'IPT0020044', 'sys_id': '456d40e9531410100b39ddeeff7b1235', 'short_description': '', 'issue_type': '', 'description': ''}
2026-07-01 15:29:21,979 - __main__ - INFO - {'number': 'IPT0020001', 'sys_id': '483455f6539010101bfbddeeff7b12c4', 'short_description': 'SAP Financial Accounting has a control test failure', 'issue_type': '', 'description': 'SAP Financial Accounting has control test failure on control Manage changes.'}
2026-07-01 15:29:21,979 - __main__ - INFO - {'number': 'IPT0020004', 'sys_id': '4915bfd553d010100b39ddeeff7b1245', 'short_description': '', 'issue_type': '', 'description': ''}
2026-07-01 15:29:21,979 - __main__ - INFO - {'number': 'IPT0020105', 'sys_id': '4dc234e9539410100b39ddeeff7b12d2', 'short_description': 'Consumer Durable has an indicator failure\n\t\t', 'issue_type': '', 'description': 'Consumer Durable has an indicator failure on Indulgence\n\t\t\tin predatory pricing strategy'}
2026-07-01 15:29:21,980 - __main__ - INFO - {'number': 'IPT0020022', 'sys_id': '50e833d953d010100b39ddeeff7b12df', 'short_description': '', 'issue_type': '', 'description': ''}
2026-07-01 15:29:21,980 - __main__ - INFO - {'number': 'IPT0020079', 'sys_id': '55131021535410100b39ddeeff7b1254', 'short_description': '', 'issue_type': '', 'description': ''}
2026-07-01 15:29:21,980 - __main__ - INFO - {'number': 'IPT0020051', 'sys_id': '55cdc8e9531410100b39ddeeff7b12e2', 'short_description': '', 'issue_type': '', 'description': ''}
2026-07-01 15:29:21,980 - __main__ - INFO - {'number': 'IPT0020054', 'sys_id': '56de082d531410100b39ddeeff7b12ad', 'short_description': '', 'issue_type': '', 'description': ''}
2026-07-01 15:29:21,980 - __main__ - INFO - {'number': 'IPT0020106', 'sys_id': '5823b8e9539410100b39ddeeff7b12c6', 'short_description': 'Consumer Durable has an indicator failure\n\t\t', 'issue_type': '', 'description': 'Consumer Durable has an indicator failure on Product\n\t\t\tRisks and Due Diligence'}
2026-07-01 15:29:21,980 - __main__ - INFO - {'number': 'IPT0020007', 'sys_id': '5ed39aa207831010e72bb5100ad30097', 'short_description': '', 'issue_type': '', 'description': 'Favouritism for a particular customer'}
2026-07-01 15:29:21,980 - __main__ - INFO - {'number': 'IPT0020025', 'sys_id': '6a79b7d953d010100b39ddeeff7b1248', 'short_description': 'Issue for event Data Compromise', 'issue_type': '', 'description': ''}
2026-07-01 15:29:21,980 - __main__ - INFO - {'number': 'IPT0020046', 'sys_id': '6b6d80e9531410100b39ddeeff7b12c2', 'short_description': '', 'issue_type': '', 'description': ''}
2026-07-01 15:29:21,980 - __main__ - INFO - {'number': 'IPT0020111', 'sys_id': '7074b06d539410100b39ddeeff7b12da', 'short_description': 'Food and Beverage has an indicator failure\n\t\t', 'issue_type': '', 'description': 'Food and Beverage has an indicator failure on Increased\n\t\t\tCompetition'}
2026-07-01 15:29:21,980 - __main__ - INFO - {'number': 'IPT0020041', 'sys_id': '723d0ca9531410100b39ddeeff7b1280', 'short_description': '', 'issue_type': '', 'description': ''}
2026-07-01 15:29:21,980 - __main__ - INFO - {'number': 'IPT0020100', 'sys_id': '7540fc29539410100b39ddeeff7b12c5', 'short_description': 'Food and Beverage has an indicator failure\n\t\t', 'issue_type': '', 'description': 'Food and Beverage has an indicator failure on Protect\n\t\t\tdistributed Information Technology assets against theft.\n\t\t'}
2026-07-01 15:29:21,980 - __main__ - INFO - {'number': 'IPT0020081', 'sys_id': '76235021535410100b39ddeeff7b121c', 'short_description': '', 'issue_type': '', 'description': ''}
2026-07-01 15:29:21,980 - __main__ - INFO - {'number': 'IPT0020002', 'sys_id': '76e4f3d553d010100b39ddeeff7b1266', 'short_description': '', 'issue_type': '', 'description': ''}
2026-07-01 15:29:21,980 - __main__ - INFO - {'number': 'IPT0020019', 'sys_id': '79b87f9953d010100b39ddeeff7b1255', 'short_description': '', 'issue_type': '', 'description': ''}
2026-07-01 15:29:21,980 - __main__ - INFO - {'number': 'IPT0020020', 'sys_id': '7bc8ff9953d010100b39ddeeff7b1287', 'short_description': '', 'issue_type': '', 'description': ''}
2026-07-01 15:29:21,980 - __main__ - INFO - {'number': 'IPT0020024', 'sys_id': '7e59b7d953d010100b39ddeeff7b1268', 'short_description': 'Issue for event PPI Policy Reporting to FCA\n\t\t', 'issue_type': '', 'description': ''}
2026-07-01 15:29:21,980 - __main__ - INFO - {'number': 'IPT0020060', 'sys_id': '7f1f4c2d531410100b39ddeeff7b120b', 'short_description': '', 'issue_type': '', 'description': ''}
2026-07-01 15:29:21,980 - __main__ - INFO - {'number': 'IPT0020027', 'sys_id': '850a371d53d010100b39ddeeff7b12ed', 'short_description': 'Issue for event Account Churning\n\t\t', 'issue_type': '', 'description': ''}
2026-07-01 15:29:21,980 - __main__ - INFO - {'number': 'IPT0020001', 'sys_id': '86688425835503107191f896feaad3e4', 'short_description': 'ts', 'issue_type': '7', 'description': 'ts'}
2026-07-01 15:29:21,980 - __main__ - INFO - {'number': 'IPT0020078', 'sys_id': '8813dced531410100b39ddeeff7b126f', 'short_description': '', 'issue_type': '', 'description': ''}
2026-07-01 15:29:21,980 - __main__ - INFO - {'number': 'IPT0020084', 'sys_id': '8d43d021535410100b39ddeeff7b1299', 'short_description': '', 'issue_type': '', 'description': ''}
2026-07-01 15:29:21,981 - __main__ - INFO - {'number': 'IPT0020062', 'sys_id': '932f006d531410100b39ddeeff7b121d', 'short_description': '', 'issue_type': '', 'description': ''}
2026-07-01 15:29:21,981 - __main__ - INFO - {'number': 'IPT0020067', 'sys_id': '9691546d531410100b39ddeeff7b12b4', 'short_description': 'Issue for event A company director had fraudelent\n\t\t\teducational credentials', 'issue_type': '', 'description': ''}
2026-07-01 15:29:21,981 - __main__ - INFO - {'number': 'IPT0020011', 'sys_id': 'a1f5fb1953d010100b39ddeeff7b126c', 'short_description': '', 'issue_type': '', 'description': ''}
2026-07-01 15:29:21,981 - __main__ - INFO - {'number': 'IPT0020070', 'sys_id': 'a3b1d8ad531410100b39ddeeff7b12d8', 'short_description': '', 'issue_type': '', 'description': ''}
2026-07-01 15:29:21,981 - __main__ - INFO - {'number': 'IPT0020101', 'sys_id': 'a3c07469539410100b39ddeeff7b12d7', 'short_description': 'Food and Beverage has an indicator failure\n\t\t', 'issue_type': '', 'description': 'Food and Beverage has an indicator failure on Protect\n\t\t\tphysical assets from water damage.'}
2026-07-01 15:29:21,981 - __main__ - INFO - {'number': 'IPT0020104', 'sys_id': 'a972bca9539410100b39ddeeff7b127a', 'short_description': 'ACME Consumer Durable(CD)ACME CD US has an\n\t\t\tindicator failure', 'issue_type': '', 'description': 'ACME Consumer Durable(CD)ACME CD US has an indicator\n\t\t\tfailure on Intentional Mismarking of Positions / Model Manipulation\n\t\t'}
2026-07-01 15:29:21,981 - __main__ - INFO - {'number': 'IPT0020063', 'sys_id': 'ab3f806d531410100b39ddeeff7b122d', 'short_description': '', 'issue_type': '', 'description': ''}
2026-07-01 15:29:21,981 - __main__ - INFO - {'number': 'IPT0020040', 'sys_id': 'ad2dc8a9531410100b39ddeeff7b12b8', 'short_description': '', 'issue_type': '', 'description': ''}
2026-07-01 15:29:21,981 - __main__ - INFO - {'number': 'IPT0020001', 'sys_id': 'af71f75553d010100b39ddeeff7b12ae', 'short_description': '', 'issue_type': '', 'description': ''}
2026-07-01 15:29:21,981 - __main__ - INFO - {'number': 'IPT0020039', 'sys_id': 'b11d48a9531410100b39ddeeff7b12e0', 'short_description': '', 'issue_type': '', 'description': ''}
2026-07-01 15:29:21,981 - __main__ - INFO - {'number': 'IPT0020091', 'sys_id': 'b493dc21535410100b39ddeeff7b1239', 'short_description': 'Issue for event Mismarking positions leading to\n\t\t\tloss to client', 'issue_type': '', 'description': ''}
2026-07-01 15:29:21,981 - __main__ - INFO - {'number': 'IPT0020069', 'sys_id': 'b4b1d8ad531410100b39ddeeff7b125a', 'short_description': '', 'issue_type': '', 'description': ''}
2026-07-01 15:29:21,981 - __main__ - INFO - {'number': 'IPT0020096', 'sys_id': 'b99c6c65539410100b39ddeeff7b12b6', 'short_description': 'ACME Consumer Durable(CD)ACME CD US has an\n\t\t\tindicator failure', 'issue_type': '', 'description': 'ACME Consumer Durable(CD)ACME CD US has an indicator\n\t\t\tfailure on Protect distributed Information Technology assets against\n\t\t\ttheft.\t\t'}
2026-07-01 15:29:21,981 - __main__ - INFO - {'number': 'IPT0020058', 'sys_id': 'c00f0c2d531410100b39ddeeff7b1260', 'short_description': '', 'issue_type': '', 'description': ''}
2026-07-01 15:29:21,981 - __main__ - INFO - {'number': 'IPT0020003', 'sys_id': 'c2057fd553d010100b39ddeeff7b1289', 'short_description': '', 'issue_type': '', 'description': ''}
2026-07-01 15:29:21,982 - __main__ - INFO - {'number': 'IPT0020102', 'sys_id': 'c47130a9539410100b39ddeeff7b12d9', 'short_description': 'ACME CD Europe has an indicator failure\n\t\t', 'issue_type': '', 'description': 'ACME CD Europe has an indicator failure on Loss of\n\t\t\tProductivity'}
2026-07-01 15:29:21,982 - __main__ - INFO - {'number': 'IPT0020095', 'sys_id': 'c78b2c25539410100b39ddeeff7b1286', 'short_description': 'ACME CD Europe has an indicator failure\n\t\t', 'issue_type': '', 'description': 'ACME CD Europe has an indicator failure on Include\n\t\t\tafter-action analysis procedures in the Incident Management program.\n\t\t'}
2026-07-01 15:29:21,982 - __main__ - INFO - {'number': 'IPT0020021', 'sys_id': 'c7d833d953d010100b39ddeeff7b1263', 'short_description': '', 'issue_type': '', 'description': ''}
2026-07-01 15:29:21,984 - __main__ - INFO - {'number': 'IPT0020086', 'sys_id': 'c863d421535410100b39ddeeff7b12ab', 'short_description': '', 'issue_type': '', 'description': ''}
2026-07-01 15:29:21,984 - __main__ - INFO - {'number': 'IPT0020074', 'sys_id': 'c8e218ed531410100b39ddeeff7b12f1', 'short_description': '', 'issue_type': '', 'description': ''}
2026-07-01 15:29:21,984 - __main__ - INFO - {'number': 'IPT0020107', 'sys_id': 'cf93702d539410100b39ddeeff7b1257', 'short_description': 'Fashion has an indicator failure\n\t\t', 'issue_type': '', 'description': 'Fashion has an indicator failure on Internal Fraud\n\t\t'}
2026-07-01 15:29:21,984 - __main__ - INFO - {'number': 'IPT0020065', 'sys_id': 'd24fc06d531410100b39ddeeff7b125b', 'short_description': '', 'issue_type': '', 'description': ''}
2026-07-01 15:29:21,984 - __main__ - INFO - {'number': 'IPT0020090', 'sys_id': 'd383d821535410100b39ddeeff7b12ef', 'short_description': 'Issue for event Overwithdrawl of current account\n\t\t\tleading to large loss', 'issue_type': '', 'description': ''}
2026-07-01 15:29:21,984 - __main__ - INFO - {'number': 'IPT0020052', 'sys_id': 'd3cd8ce9531410100b39ddeeff7b123a', 'short_description': '', 'issue_type': '', 'description': ''}
2026-07-01 15:29:21,984 - __main__ - INFO - {'number': 'IPT0020110', 'sys_id': 'd5347c2d539410100b39ddeeff7b12c0', 'short_description': 'Food and Beverage has an indicator failure\n\t\t', 'issue_type': '', 'description': 'Food and Beverage has an indicator failure on Earthquake\n\t\t'}
2026-07-01 15:29:21,984 - __main__ - INFO - {'number': 'IPT0020049', 'sys_id': 'd5ad44e9531410100b39ddeeff7b12bd', 'short_description': 'Issue for event Staff Error - Incorrect Procedure\n\t\t\tFollowed', 'issue_type': '', 'description': ''}
2026-07-01 15:29:21,984 - __main__ - INFO - {'number': 'IPT0020055', 'sys_id': 'd7de082d531410100b39ddeeff7b1272', 'short_description': '', 'issue_type': '', 'description': ''}
2026-07-01 15:29:21,985 - __main__ - INFO - {'number': 'IPT0020004', 'sys_id': 'd80e82ee07431010e72bb5100ad30036', 'short_description': '', 'issue_type': '', 'description': 'Dual roles and partial criteria distort competition'}
2026-07-01 15:29:21,985 - __main__ - INFO - {'number': 'IPT0020087', 'sys_id': 'd9631821535410100b39ddeeff7b1207', 'short_description': '', 'issue_type': '', 'description': ''}
2026-07-01 15:29:21,985 - __main__ - INFO - {'number': 'IPT0020108', 'sys_id': 'd9d3b42d539410100b39ddeeff7b12ae', 'short_description': 'Fashion has an indicator failure\n\t\t', 'issue_type': '', 'description': 'Fashion has an indicator failure on Brand Image\n\t\t'}
2026-07-01 15:29:21,985 - __main__ - INFO - {'number': 'IPT0020073', 'sys_id': 'dad258ed531410100b39ddeeff7b121f', 'short_description': '', 'issue_type': '', 'description': ''}
2026-07-01 15:29:21,985 - __main__ - INFO - {'number': 'IPT0020038', 'sys_id': 'df0d84a9531410100b39ddeeff7b12ae', 'short_description': '', 'issue_type': '', 'description': ''}
2026-07-01 15:29:21,985 - __main__ - INFO - {'number': 'IPT0020064', 'sys_id': 'e44f406d531410100b39ddeeff7b12ee', 'short_description': '', 'issue_type': '', 'description': ''}
2026-07-01 15:29:21,985 - __main__ - INFO - {'number': 'IPT0020045', 'sys_id': 'e66d80e9531410100b39ddeeff7b1212', 'short_description': '', 'issue_type': '', 'description': ''}
2026-07-01 15:29:21,985 - __main__ - INFO - {'number': 'IPT0020094', 'sys_id': 'e6a8aca1539410100b39ddeeff7b126a', 'short_description': 'ACME CD Europe has an indicator failure\n\t\t', 'issue_type': '', 'description': 'ACME CD Europe has an indicator failure on Identify and\n\t\t\tauthenticate approved devices before establishing a connection to\n\t\t\trestricted data.'}
2026-07-01 15:29:21,985 - __main__ - INFO - {'number': 'IPT0020050', 'sys_id': 'e7bd48e9531410100b39ddeeff7b1245', 'short_description': '', 'issue_type': '', 'description': ''}
2026-07-01 15:29:21,985 - __main__ - INFO - {'number': 'IPT0020017', 'sys_id': 'eaa8339953d010100b39ddeeff7b1256', 'short_description': '', 'issue_type': '', 'description': ''}
2026-07-01 15:29:21,985 - __main__ - INFO - {'number': 'IPT0020009', 'sys_id': 'eb85371953d010100b39ddeeff7b1297', 'short_description': '', 'issue_type': '', 'description': ''}
2026-07-01 15:29:21,985 - __main__ - INFO - {'number': 'IPT0020010', 'sys_id': 'ef95b71953d010100b39ddeeff7b1201', 'short_description': '', 'issue_type': '', 'description': ''}
2026-07-01 15:29:21,985 - __main__ - INFO - {'number': 'IPT0020009', 'sys_id': 'f1141ea207831010e72bb5100ad300b5', 'short_description': '', 'issue_type': '', 'description': 'Transfer of a policy-maker to business life'}
2026-07-01 15:29:21,985 - __main__ - INFO - {'number': 'IPT0020071', 'sys_id': 'f9c11cad531410100b39ddeeff7b12da', 'short_description': '', 'issue_type': '', 'description': ''}
